2024/01/25 18:22:01 Error loading .env file
2024/01/25 18:23:21 false
2024/01/25 18:23:59 context canceled
2024/01/26 12:08:09 this is cookies false
2024/01/26 21:59:08 this is cookies false
2024/01/26 22:01:47 context canceled
2024/01/26 22:12:19 this is cookies false
2024/01/26 22:13:35 this is cookies false
2024/01/26 22:13:37 
2024/01/26 22:22:23 this is cookies false
2024/01/26 22:58:38 this is cookies false
2024/01/26 23:03:09 this is cookies false
2024/01/26 23:03:58 this is cookies false
2024/01/26 23:06:30 this is cookies false
2024/01/26 23:10:05 this is cookies false
2024/01/26 23:24:37 this is cookies false
2024/01/26 23:28:22 this is cookies false
2024/01/26 23:40:03 this is cookies false
2024/01/26 23:40:04 Cannot navigate to invalid URL (-32000)
2024/01/26 23:40:49 this is cookies false
2024/01/26 23:40:51 DOM Error while querying (-32000)
2024/01/26 23:41:53 this is cookies false
2024/01/26 23:43:01 this is cookies false
2024/01/26 23:45:18 this is cookies false
2024/01/26 23:45:49 this is cookies false
2024/01/26 23:46:35 this is cookies false
2024/01/26 23:49:28 this is cookies false
2024/01/29 13:24:52 this is cookies false
2024/01/29 15:20:57 this is cookies true
2024/01/29 15:22:06 this is cookies true
2024/01/29 15:29:21 this is cookies true
2024/01/29 15:29:24 
2024/01/29 15:29:24 running saveCookies
2024/01/29 15:29:24 Cookies saved successfully.
2024/01/29 15:32:15 this is cookies true
2024/01/29 15:32:18 
2024/01/29 15:32:18 running saveCookies
2024/01/29 15:32:18 Cookies saved successfully.
2024/01/29 15:32:18 Failed to retrieve cookies: &{#some-id <nil> 5000000 1 0x100c509b0 0x100c516b0 0x100c51c60}
